<?xml version="1.0" encoding="UTF-8"?>
<!-- Generated by org.testng.reporters.JUnitXMLReporter -->
<testsuite ignored="0" hostname="Priya" failures="0" tests="4" name="Default test" time="217.598" errors="0" timestamp="2022-11-11T22:15:54 IST">
  <testcase classname="BrowserOpen.HitBrowser" name="Login" time="11.738"/>
  <testcase classname="BrowserOpen.HitBrowser" name="MenuList" time="4.073"/>
  <testcase classname="BrowserOpen.HitBrowser" name="SubmenuItem" time="4.636"/>
  <testcase classname="BrowserOpen.HitBrowser" name="goToMenTopWearSectionFromFashion" time="13.196"/>
</testsuite> <!-- Default test -->
