<?xml version="1.0" encoding="UTF-8"?>
<testng-results ignored="0" total="1" passed="1" failed="0" skipped="0">
  <reporter-output>
  </reporter-output>
  <suite started-at="2022-12-16T21:59:32 IST" name="Default suite" finished-at="2022-12-16T22:06:50 IST" duration-ms="437510">
    <groups>
    </groups>
    <test started-at="2022-12-16T21:59:32 IST" name="Default test" finished-at="2022-12-16T22:06:50 IST" duration-ms="437510">
      <class name="FirefoxLoginSearchATC.WriteDataExcel">
        <test-method signature="writeData()[pri:0, instance:FirefoxLoginSearchATC.WriteDataExcel@3d51f06e]" started-at="2022-12-16T21:59:32 IST" name="writeData" finished-at="2022-12-16T22:06:40 IST" duration-ms="427670" status="PASS">
          <reporter-output>
          </reporter-output>
        </test-method> <!-- writeData -->
        <test-method is-config="true" signature="afterClass()[pri:0, instance:FirefoxLoginSearchATC.WriteDataExcel@3d51f06e]" started-at="2022-12-16T22:06:40 IST" name="afterClass" finished-at="2022-12-16T22:06:50 IST" duration-ms="9669" status="PASS">
          <reporter-output>
          </reporter-output>
        </test-method> <!-- afterClass -->
      </class> <!-- FirefoxLoginSearchATC.WriteDataExcel -->
    </test> <!-- Default test -->
  </suite> <!-- Default suite -->
</testng-results>
