<?xml version="1.0" encoding="UTF-8"?>
<!-- Generated by org.testng.reporters.JUnitXMLReporter -->
<testsuite ignored="0" hostname="Priya" failures="0" tests="4" name="Test1" time="0.342" errors="0" timestamp="2022-11-17T18:46:06 IST">
  <testcase classname="FirefoxLoginSearchATC.LoginTest" name="@BeforeTest Login" time="0.203">
    <failure type="java.lang.NullPointerException" message="Cannot invoke &amp;quot;org.openqa.selenium.WebDriver.findElement(org.openqa.selenium.By)&amp;quot; because &amp;quot;FirefoxLoginSearchATC.LoginTest.driver&amp;quot; is null">
      <![CDATA[java.lang.NullPointerException: Cannot invoke "org.openqa.selenium.WebDriver.findElement(org.openqa.selenium.By)" because "FirefoxLoginSearchATC.LoginTest.driver" is null
at FirefoxLoginSearchATC.LoginTest.Login(LoginTest.java:51)
at java.base/java.util.concurrent.FutureTask.run(FutureTask.java:317)
at java.base/java.util.concurrent.ThreadPoolExecutor.runWorker(ThreadPoolExecutor.java:1144)
at java.base/java.util.concurrent.ThreadPoolExecutor$Worker.run(ThreadPoolExecutor.java:642)
at java.base/java.lang.Thread.run(Thread.java:1589)
... Removed 13 stack frames]]>
    </failure>
  </testcase> <!-- @BeforeTest Login -->
  <testcase classname="FirefoxLoginSearchATC.LoginTest" name="@AfterTest afterClass" time="-1.668690965894E9">
    <skipped/>
  </testcase> <!-- @AfterTest afterClass -->
  <testcase classname="FirefoxLoginSearchATC.LoginTest" name="MenuList" time="0.0">
    <skipped/>
  </testcase> <!-- MenuList -->
  <testcase classname="FirefoxLoginSearchATC.LoginTest" name="SubmenuItem" time="0.0">
    <skipped/>
  </testcase> <!-- SubmenuItem -->
  <testcase classname="FirefoxLoginSearchATC.LoginTest" name="goToMenTopWearSectionFromFashion" time="0.0">
    <skipped/>
  </testcase> <!-- goToMenTopWearSectionFromFashion -->
  <testcase classname="FirefoxLoginSearchATC.SelectItemMenub" name="searchboxhandle" time="0.0">
    <skipped/>
  </testcase> <!-- searchboxhandle -->
</testsuite> <!-- Test1 -->
